        -:    0:Source:tst/basic.c
        -:    0:Graph:./cov/test_basic.gcno
        -:    0:Data:./cov/test_basic.gcda
        -:    0:Runs:1
        -:    1:#include "../inc/test.h"
        -:    2:
function test_basic called 1 returned 100% blocks executed 75%
        1:    3:void test_basic (void) {
        1:    4:	printf (BOLD_YELLOW "Unit test starts..." BOLD_MAGENTA " [Basic]\n" RESET_STYLE);
        1:    4-block 2
call    0 returned 1
        -:    5:
        1:    6:	const int n = 0xf00ff00f;
        -:    7:
        1:    8:	int* ptr = malloc (sizeof (int));
        1:    9:	*ptr = n;
        -:   10:
        1:   11:	int* ghost_ptr = ptr;
        -:   12:
       1*:   13:	TEST (NULL != ptr, "Address non-null check");
branch  0 taken 1 (fallthrough)
branch  1 taken 0
        1:   13-block 4
call    2 returned 1
    %%%%%:   13-block 5
call    3 never executed
        1:   14:	TEST (sizeof (int*) == sizeof (ptr), "Allocated block-size check");
        1:   14-block 6
call    0 returned 1
       1*:   15:	TEST (ptr == ghost_ptr, "Address validation check");
branch  0 taken 1 (fallthrough)
branch  1 taken 0
        1:   15-block 8
call    2 returned 1
    %%%%%:   15-block 9
call    3 never executed
       1*:   16:	TEST (n == *ptr, "Content check");
        1:   16-block 10
branch  0 taken 1 (fallthrough)
branch  1 taken 0
        1:   16-block 11
call    2 returned 1
    %%%%%:   16-block 12
call    3 never executed
        -:   17:
        1:   18:	ERASE (&ptr, sizeof (int));
        1:   18-block 13
branch  0 taken 1 (fallthrough)
branch  1 taken 0
        1:   18-block 14
        -:   19:
       1*:   20:	TEST (ghost_ptr != ptr, "Address validation check");
        1:   20-block 15
branch  0 taken 1 (fallthrough)
branch  1 taken 0
        1:   20-block 16
call    2 returned 1
    %%%%%:   20-block 17
call    3 never executed
       1*:   21:	TEST (NULL == ptr, "Address nullification check");
        1:   21-block 18
branch  0 taken 1 (fallthrough)
branch  1 taken 0
        1:   21-block 19
call    2 returned 1
    %%%%%:   21-block 20
call    3 never executed
       1*:   22:	TEST (n != *((int*) ghost_ptr), "Content check");
        1:   22-block 21
branch  0 taken 1 (fallthrough)
branch  1 taken 0
        1:   22-block 22
call    2 returned 1
    %%%%%:   22-block 23
call    3 never executed
        -:   23:
        1:   24:	printf (BOLD_YELLOW "...Unit test ends!" BOLD_MAGENTA " [Basic]\n" RESET_STYLE);
        1:   24-block 24
call    0 returned 1
        1:   25:}
