        -:    0:Source:tst/data.c
        -:    0:Graph:./cov/test_data.gcno
        -:    0:Data:./cov/test_data.gcda
        -:    0:Runs:1
        -:    1:#include "../inc/test.h"
        -:    2:
function test_Data called 1 returned 100% blocks executed 79%
        1:    3:void test_Data (void) {
        1:    4:	display_unit_test_message ("Data", true);
        1:    4-block 2
call    0 returned 1
        -:    5:
        1:    6:	char* str = "Hello, World!\n";
        1:    7:	size_t len = 14;
        -:    8:
        1:    9:	Data* data = create_Data (DT_String, len, str);
call    0 returned 1
        1:   10:	Data* ghost_data = data;
        -:   11:
       1*:   12:	TEST (NULL != data, "Checked non-nullified address");
branch  0 taken 1 (fallthrough)
branch  1 taken 0
        1:   12-block 5
call    2 returned 1
    %%%%%:   12-block 6
call    3 never executed
       1*:   13:	TEST (DT_String == data -> type, "Matched data-type");
        1:   13-block 7
branch  0 taken 1 (fallthrough)
branch  1 taken 0
        1:   13-block 8
call    2 returned 1
    %%%%%:   13-block 9
call    3 never executed
        -:   14:
       1*:   15:	TEST (ghost_data == data, "Checked non-nullified address");
        1:   15-block 10
branch  0 taken 1 (fallthrough)
branch  1 taken 0
        1:   15-block 11
call    2 returned 1
    %%%%%:   15-block 12
call    3 never executed
        1:   16:	delete_Data (&data);
        1:   16-block 13
call    0 returned 1
       1*:   17:	TEST (ghost_data != data, "Checked address nullification");
branch  0 taken 1 (fallthrough)
branch  1 taken 0
        1:   17-block 15
call    2 returned 1
    %%%%%:   17-block 16
call    3 never executed
        -:   18:
        1:   19:	String* key = create_String (6, "amount");
        1:   19-block 17
call    0 returned 1
        1:   20:	int n = 100;
        1:   21:	Data* value = create_Data (DT_Integer, sizeof (int), &n);
call    0 returned 1
        1:   22:	data = create_key_value_Data (key, value);
call    0 returned 1
       1*:   23:	TEST (NULL != data && DT_Key_Value == data -> type, "Created existence of key-value pair data");
branch  0 taken 1 (fallthrough)
branch  1 taken 0
        1:   23-block 21
branch  2 taken 1 (fallthrough)
branch  3 taken 0
        1:   23-block 22
call    4 returned 1
    %%%%%:   23-block 23
call    5 never executed
       1*:   24:	TEST (Cmp_Equivalent == compare_Strings (key, (String*)(data -> address)), "Checked key from key-value pair data");
        1:   24-block 24
call    0 returned 1
branch  1 taken 1 (fallthrough)
branch  2 taken 0
        1:   24-block 26
call    3 returned 1
    %%%%%:   24-block 27
call    4 never executed
       1*:   25:	TEST (Cmp_Equivalent == compare_Data (value, (Data*)((String*)(data -> address) + 1)), "Checked value from key-value pair data");
        1:   25-block 28
call    0 returned 1
branch  1 taken 1 (fallthrough)
branch  2 taken 0
        1:   25-block 30
call    3 returned 1
    %%%%%:   25-block 31
call    4 never executed
        1:   26:	delete_key_value_Data (&data);
        1:   26-block 32
call    0 returned 1
       1*:   27:	TEST (NULL == data, "Checked key-value pair deletion");
branch  0 taken 1 (fallthrough)
branch  1 taken 0
        1:   27-block 34
call    2 returned 1
    %%%%%:   27-block 35
call    3 never executed
        1:   28:	delete_Data (&value);
        1:   28-block 36
call    0 returned 1
        1:   29:	delete_String (&key);
call    0 returned 1
        -:   30:
        1:   31:	display_unit_test_message ("Data", false);
call    0 returned 1
        1:   32:}
