        -:    0:Source:test/data.c
        -:    0:Graph:./cov/test_data.gcno
        -:    0:Data:./cov/test_data.gcda
        -:    0:Runs:1
        -:    1:#include "../include/test.h"
        -:    2:
function test_data called 1 returned 100% blocks executed 76%
        1:    3:void test_data (void) {
        1:    4:	printf (BOLD_YELLOW "Unit test starts..." BOLD_MAGENTA " [Data]\n" RESET_STYLE);
        1:    4-block 2
call    0 returned 1
        -:    5:
        1:    6:	char* str = "Hello, World!\n";
        1:    7:	size_t len = 14;
        -:    8:
        1:    9:	Data* data = create_data (DT_String, len, str);
call    0 returned 1
        1:   10:	Data* ghost_data = data;
        -:   11:
       1*:   12:	TEST (NULL != data, "Address non-null check");
branch  0 taken 1 (fallthrough)
branch  1 taken 0
        1:   12-block 5
call    2 returned 1
    %%%%%:   12-block 6
call    3 never executed
       1*:   13:	TEST (DT_String == data -> type, "Datatype match check");
        1:   13-block 7
branch  0 taken 1 (fallthrough)
branch  1 taken 0
        1:   13-block 8
call    2 returned 1
    %%%%%:   13-block 9
call    3 never executed
        -:   14:
       1*:   15:	TEST (ghost_data == data, "Address non-nullified check");
        1:   15-block 10
branch  0 taken 1 (fallthrough)
branch  1 taken 0
        1:   15-block 11
call    2 returned 1
    %%%%%:   15-block 12
call    3 never executed
        1:   16:	delete_data (&data);
        1:   16-block 13
call    0 returned 1
       1*:   17:	TEST (ghost_data != data, "Address nullification check");
branch  0 taken 1 (fallthrough)
branch  1 taken 0
        1:   17-block 15
call    2 returned 1
    %%%%%:   17-block 16
call    3 never executed
        -:   18:
        1:   19:	printf (BOLD_YELLOW "...Unit test ends!" BOLD_MAGENTA " [Data]\n" RESET_STYLE);
        1:   19-block 17
call    0 returned 1
        1:   20:}
