        -:    0:Source:tst/hashmap.c
        -:    0:Graph:./cov/test_hashmap.gcno
        -:    0:Data:./cov/test_hashmap.gcda
        -:    0:Runs:1
        -:    1:#include "../inc/test.h"
        -:    2:
function test_HashMap called 1 returned 100% blocks executed 100%
        1:    3:void test_HashMap (void) {
        1:    4:	display_unit_test_message ("HashMap", true);
        1:    4-block 2
call    0 returned 1
        -:    5:
        1:    6:	HashMap* hashmap = create_HashMap (10);
call    0 returned 1
        -:    7:
        1:    8:	int n = 100;
        1:    9:	uint32_t x = 0x0A1B2C4D;
        -:   10:	String* key;
        -:   11:	Data* value;
        -:   12:
        1:   13:	key = create_String (5, "key-0");
call    0 returned 1
        1:   14:	value = create_Data (DT_Integer, sizeof (int), &n);
call    0 returned 1
        -:   15://	printf ("hash = %" priu32 "\n", hash_djb2 (key));
        1:   16:	add_to_HashMap (hashmap, key, value);
call    0 returned 1
        -:   17://	delete_Data (&value);
        1:   18:	delete_String (&key);
call    0 returned 1
        -:   19:
        1:   20:	key = create_String (5, "key-2");
call    0 returned 1
        1:   21:	*((int*)(value -> address)) = -200;
        -:   22://	n = -200;
        -:   23://	value = create_Data (DT_Integer, sizeof (int), &n);
        1:   24:	add_to_HashMap (hashmap, key, value);
call    0 returned 1
        1:   25:	delete_Data (&value);
call    0 returned 1
        1:   26:	delete_String (&key);
call    0 returned 1
        -:   27:
        1:   28:	key = create_String (5, "key-0");
call    0 returned 1
        1:   29:	value = create_Data (DT_String, 5, "value");
call    0 returned 1
        1:   30:	add_to_HashMap (hashmap, key, value);
call    0 returned 1
        1:   31:	delete_Data (&value);
call    0 returned 1
        1:   32:	delete_String (&key);
call    0 returned 1
        -:   33:
        1:   34:	key = create_String (5, "key-5");
call    0 returned 1
        1:   35:	value = create_Data (DT_Binary, 4, &x);
call    0 returned 1
        1:   36:	add_to_HashMap (hashmap, key, value);
call    0 returned 1
        1:   37:	delete_Data (&value);
call    0 returned 1
        1:   38:	delete_String (&key);
call    0 returned 1
        -:   39:
        1:   40:	display_HashMap (hashmap);
call    0 returned 1
        1:   41:	delete_HashMap (&hashmap);
call    0 returned 1
        -:   42:
        1:   43:	display_unit_test_message ("HashMap", false);
call    0 returned 1
        1:   44:}
