        -:    0:Source:tst/iterator.c
        -:    0:Graph:./cov/test_iterator.gcno
        -:    0:Data:./cov/test_iterator.gcda
        -:    0:Runs:1
        -:    1:#include "../inc/test.h"
        -:    2:
function test_Iterator called 1 returned 100% blocks executed 82%
        1:    3:void test_Iterator (void) {
        1:    4:	display_unit_test_message ("Iterator", true);
        1:    4-block 2
call    0 returned 1
        -:    5:
        1:    6:	List* list = create_List (10);
call    0 returned 1
        -:    7:
        -:    8:	int i;
        1:    9:	Data* data = create_empty_Data ();
call    0 returned 1
        -:   10:
        1:   11:	data -> type = DT_Integer;
        1:   12:	data -> size = sizeof (int);
        1:   13:	data -> address = &i;
        -:   14:
       21:   15:	for (i = 0; i < 20; i++) {
       21:   15-block 8
branch  0 taken 20
branch  1 taken 1 (fallthrough)
       20:   16:		insert_Data_into_List (list, data);
       20:   16-block 6
call    0 returned 20
        -:   17:	}
        -:   18:
        1:   19:	data -> address = NULL;
        1:   20:	empty_Data (data);
        1:   20-block 9
call    0 returned 1
        1:   21:	delete_Data (&data);
call    0 returned 1
        -:   22:
        -:   23://	display_List (list);
        -:   24:
        1:   25:	Iterator* iterator = create_Iterator (list, +1);
call    0 returned 1
       1*:   26:	TEST (NULL != iterator, "Created iterator");
branch  0 taken 1 (fallthrough)
branch  1 taken 0
        1:   26-block 13
call    2 returned 1
    %%%%%:   26-block 14
call    3 never executed
        -:   27:
        -:   28://	display_iterator_details (iterator);
        -:   29:
        -:   30:
       1*:   31:	TEST (0 == iterator -> chunk -> id, "Matched chunk-id from iterator");
        1:   31-block 15
branch  0 taken 1 (fallthrough)
branch  1 taken 0
        1:   31-block 16
call    2 returned 1
    %%%%%:   31-block 17
call    3 never executed
        -:   32:
        1:   33:	data = list -> head_chunk -> first_data_address;
       1*:   34:	TEST (Cmp_Different != compare_Data (data, iterator -> data), "Matched first data from list and iterator");
        1:   34-block 18
call    0 returned 1
branch  1 taken 1 (fallthrough)
branch  2 taken 0
        1:   34-block 20
call    3 returned 1
    %%%%%:   34-block 21
call    4 never executed
        -:   35:
        1:   36:	move_Iterator (iterator);
        1:   36-block 22
call    0 returned 1
        -:   37:
        1:   38:	data = list -> head_chunk -> first_data_address + 1; // should not fail as minimum chunk size is 10
       1*:   39:	TEST (Cmp_Different != compare_Data (data, iterator -> data), "Matched second data from list and iterator");
call    0 returned 1
branch  1 taken 1 (fallthrough)
branch  2 taken 0
        1:   39-block 25
call    3 returned 1
    %%%%%:   39-block 26
call    4 never executed
        -:   40:
       1*:   41:	TEST (+1 == iterator -> stride, "Checked default stride value");
        1:   41-block 27
branch  0 taken 1 (fallthrough)
branch  1 taken 0
        1:   41-block 28
call    2 returned 1
    %%%%%:   41-block 29
call    3 never executed
        1:   42:	update_Iterator_stride (iterator, +5);
        1:   42-block 30
call    0 returned 1
       1*:   43:	TEST (+5 == iterator -> stride, "Checked updated stride value");
branch  0 taken 1 (fallthrough)
branch  1 taken 0
        1:   43-block 32
call    2 returned 1
    %%%%%:   43-block 33
call    3 never executed
        -:   44:
        -:   45:
        1:   46:	data = get_List_Data_at_index (list, 6);
        1:   46-block 34
call    0 returned 1
        1:   47:	move_Iterator (iterator);
call    0 returned 1
       1*:   48:	TEST (Cmp_Different != compare_Data (data, iterator -> data), "Matched step (1 + 5) data from list and iterator");
call    0 returned 1
branch  1 taken 1 (fallthrough)
branch  2 taken 0
        1:   48-block 38
call    3 returned 1
    %%%%%:   48-block 39
call    4 never executed
        1:   49:	delete_Data (&data);
        1:   49-block 40
call    0 returned 1
        -:   50:
        -:   51:
        1:   52:	data = get_List_Data_at_index (list, 12);	// 1 + 5 + 6 > 10
call    0 returned 1
        1:   53:	update_Iterator_stride (iterator, 6);
call    0 returned 1
       1*:   54:	TEST (6 == iterator -> stride, "Matched updated stride (+6) from iterator");
branch  0 taken 1 (fallthrough)
branch  1 taken 0
        1:   54-block 44
call    2 returned 1
    %%%%%:   54-block 45
call    3 never executed
        1:   55:	move_Iterator (iterator);
        1:   55-block 46
call    0 returned 1
       1*:   56:	TEST (1 == iterator -> chunk -> id, "Matched expected forward chunk id (1) from iterator");
branch  0 taken 1 (fallthrough)
branch  1 taken 0
        1:   56-block 48
call    2 returned 1
    %%%%%:   56-block 49
call    3 never executed
       1*:   57:	TEST (Cmp_Different != compare_Data (data, iterator -> data), "Matched further data (6 + 6) from list and iterator");
        1:   57-block 50
call    0 returned 1
branch  1 taken 1 (fallthrough)
branch  2 taken 0
        1:   57-block 52
call    3 returned 1
    %%%%%:   57-block 53
call    4 never executed
        1:   58:	delete_Data (&data);
        1:   58-block 54
call    0 returned 1
        -:   59:
        -:   60:/*
        -:   61:	data = get_List_Data_at_index (list, 7);	// 12 - 5 < 10
        -:   62:	update_Iterator_stride (iterator, -5);
        -:   63:	TEST (-5 == iterator -> stride, "Matched updated stride (-5) from iterator");
        -:   64:	move_Iterator (iterator);
        -:   65:	TEST (0 == iterator -> chunk -> id, "Matched expected backward chunk id (0) from iterator");
        -:   66:	TEST (Cmp_Different != compare_Data (data, iterator -> data), "Matched backward data (12 - 5) from list and iterator");
        -:   67:	delete_Data (&data);
        -:   68:*/
        -:   69:
        1:   70:	delete_Iterator (&iterator);
call    0 returned 1
       1*:   71:	TEST (NULL == iterator, "Deleted iterator");
branch  0 taken 1 (fallthrough)
branch  1 taken 0
        1:   71-block 57
call    2 returned 1
    %%%%%:   71-block 58
call    3 never executed
        1:   72:	delete_List (&list);
        1:   72-block 59
call    0 returned 1
        -:   73:
        1:   74:	display_unit_test_message ("Iterator", false);
call    0 returned 1
        1:   75:}
