        -:    0:Source:tst/linked_list.c
        -:    0:Graph:./cov/test_linked_list.gcno
        -:    0:Data:./cov/test_linked_list.gcda
        -:    0:Runs:1
        -:    1:#include "../inc/test.h"
        -:    2:
function test_linked_list called 1 returned 100% blocks executed 72%
        1:    3:void test_linked_list (void) {
        1:    4:	printf (BOLD_YELLOW "Unit test starts..." BOLD_MAGENTA " [Linked-List]\n" RESET_STYLE);
        1:    4-block 2
call    0 returned 1
        -:    5:
        1:    6:	Linked_List* linked_list = create_linked_list ();
call    0 returned 1
        -:    7:
       1*:    8:	TEST (NULL != linked_list, "Created linked list exists");
branch  0 taken 1 (fallthrough)
branch  1 taken 0
        1:    8-block 5
call    2 returned 1
    %%%%%:    8-block 6
call    3 never executed
        -:    9:
        1:   10:	Node* node = create_node (N_LinkedList);
        1:   10-block 7
call    0 returned 1
        1:   11:	set_node_name (node, 1, "A");
call    0 returned 1
        -:   12:
        1:   13:	int n = 10;
        1:   14:	Data* data = create_data (DT_Integer, sizeof (int), &n);
call    0 returned 1
        1:   15:	set_node_data (node, data);
call    0 returned 1
        1:   16:	delete_data (&data);
call    0 returned 1
        -:   17:
        1:   18:	attach_node_at_first (linked_list, node);
call    0 returned 1
       1*:   19:	TEST ('A' == *((char*)(linked_list -> head_node -> name -> text + 0)), "Compared inserted node's name (A) with linked-list's head node name");
branch  0 taken 1 (fallthrough)
branch  1 taken 0
        1:   19-block 14
call    2 returned 1
    %%%%%:   19-block 15
call    3 never executed
       1*:   20:	TEST (10 == *((int*)(linked_list -> head_node -> data -> address + 0)), "Compared inserted node's data (10) with linked-list's head node data");
        1:   20-block 16
branch  0 taken 1 (fallthrough)
branch  1 taken 0
        1:   20-block 17
call    2 returned 1
    %%%%%:   20-block 18
call    3 never executed
       1*:   21:	TEST ('A' == *((char*)(linked_list -> head_node -> name -> text + 0)), "Compared inserted node's name (A) with linked-list's tail node name");
        1:   21-block 19
branch  0 taken 1 (fallthrough)
branch  1 taken 0
        1:   21-block 20
call    2 returned 1
    %%%%%:   21-block 21
call    3 never executed
       1*:   22:	TEST (10 == *((int*)(linked_list -> head_node -> data -> address + 0)), "Compared inserted node's data (10) with linked-list's tail node data");
        1:   22-block 22
branch  0 taken 1 (fallthrough)
branch  1 taken 0
        1:   22-block 23
call    2 returned 1
    %%%%%:   22-block 24
call    3 never executed
        -:   23:// A
        1:   24:	++*(node -> name -> text);
        1:   25:	*((int*)(node -> data -> address)) += 10;
        1:   26:	attach_node_at_last (linked_list, node);
        1:   26-block 25
call    0 returned 1
       1*:   27:	TEST ('A' == *((char*)(linked_list -> head_node -> name -> text + 0)), "Compared inserted node's name (A) with linked-list's head node name");
branch  0 taken 1 (fallthrough)
branch  1 taken 0
        1:   27-block 27
call    2 returned 1
    %%%%%:   27-block 28
call    3 never executed
       1*:   28:	TEST (10 == *((int*)(linked_list -> head_node -> data -> address + 0)), "Compared inserted node's data (10) with linked-list's head node data");
        1:   28-block 29
branch  0 taken 1 (fallthrough)
branch  1 taken 0
        1:   28-block 30
call    2 returned 1
    %%%%%:   28-block 31
call    3 never executed
       1*:   29:	TEST ('B' == *((char*)(linked_list -> tail_node -> name -> text + 0)), "Compared inserted node's name (B) with linked-list's tail node name");
        1:   29-block 32
branch  0 taken 1 (fallthrough)
branch  1 taken 0
        1:   29-block 33
call    2 returned 1
    %%%%%:   29-block 34
call    3 never executed
       1*:   30:	TEST (20 == *((int*)(linked_list -> tail_node -> data -> address + 0)), "Compared inserted node's data (20) with linked-list's tail node data");
        1:   30-block 35
branch  0 taken 1 (fallthrough)
branch  1 taken 0
        1:   30-block 36
call    2 returned 1
    %%%%%:   30-block 37
call    3 never executed
        -:   31:// A - B
        1:   32:	++*(node -> name -> text);
        1:   33:	*((int*)(node -> data -> address)) += 10;
        1:   34:	attach_node_at_first (linked_list, node);
        1:   34-block 38
call    0 returned 1
       1*:   35:	TEST ('C' == *((char*)(linked_list -> head_node -> name -> text + 0)), "Compared inserted node's name (C) with linked-list's head node name");
branch  0 taken 1 (fallthrough)
branch  1 taken 0
        1:   35-block 40
call    2 returned 1
    %%%%%:   35-block 41
call    3 never executed
       1*:   36:	TEST (30 == *((int*)(linked_list -> head_node -> data -> address + 0)), "Compared inserted node's data (30) with linked-list's head node data");
        1:   36-block 42
branch  0 taken 1 (fallthrough)
branch  1 taken 0
        1:   36-block 43
call    2 returned 1
    %%%%%:   36-block 44
call    3 never executed
       1*:   37:	TEST ('B' == *((char*)(linked_list -> tail_node -> name -> text + 0)), "Compared inserted node's name (B) with linked-list's tail node name");
        1:   37-block 45
branch  0 taken 1 (fallthrough)
branch  1 taken 0
        1:   37-block 46
call    2 returned 1
    %%%%%:   37-block 47
call    3 never executed
       1*:   38:	TEST (20 == *((int*)(linked_list -> tail_node -> data -> address + 0)), "Compared inserted node's data (20) with linked-list's tail node data");
        1:   38-block 48
branch  0 taken 1 (fallthrough)
branch  1 taken 0
        1:   38-block 49
call    2 returned 1
    %%%%%:   38-block 50
call    3 never executed
        -:   39:// C - A - B
        1:   40:	++*(node -> name -> text);
        1:   41:	*((int*)(node -> data -> address)) += 10;
        1:   42:	attach_node_at_last (linked_list, node);
        1:   42-block 51
call    0 returned 1
       1*:   43:	TEST ('C' == *((char*)(linked_list -> head_node -> name -> text + 0)), "Compared inserted node's name (C) with linked-list's head node name");
branch  0 taken 1 (fallthrough)
branch  1 taken 0
        1:   43-block 53
call    2 returned 1
    %%%%%:   43-block 54
call    3 never executed
       1*:   44:	TEST (30 == *((int*)(linked_list -> head_node -> data -> address + 0)), "Compared inserted node's data (30) with linked-list's head node data");
        1:   44-block 55
branch  0 taken 1 (fallthrough)
branch  1 taken 0
        1:   44-block 56
call    2 returned 1
    %%%%%:   44-block 57
call    3 never executed
       1*:   45:	TEST ('D' == *((char*)(linked_list -> tail_node -> name -> text + 0)), "Compared inserted node's name (D) with linked-list's tail node name");
        1:   45-block 58
branch  0 taken 1 (fallthrough)
branch  1 taken 0
        1:   45-block 59
call    2 returned 1
    %%%%%:   45-block 60
call    3 never executed
       1*:   46:	TEST (40 == *((int*)(linked_list -> tail_node -> data -> address + 0)), "Compared inserted node's data (40) with linked-list's tail node data");
        1:   46-block 61
branch  0 taken 1 (fallthrough)
branch  1 taken 0
        1:   46-block 62
call    2 returned 1
    %%%%%:   46-block 63
call    3 never executed
        -:   47:// C - A - B - D
        1:   48:	Node* del_node = detach_head_from_linked_list (linked_list);
        1:   48-block 64
call    0 returned 1
       1*:   49:	TEST ('C' == *((char*)(del_node -> name -> text + 0)), "Compared deleted node's name (C) with expected node name");
branch  0 taken 1 (fallthrough)
branch  1 taken 0
        1:   49-block 66
call    2 returned 1
    %%%%%:   49-block 67
call    3 never executed
       1*:   50:	TEST (30 == *((int*)(del_node -> data -> address + 0)), "Compared deleted node's data (30) with expected node data");
        1:   50-block 68
branch  0 taken 1 (fallthrough)
branch  1 taken 0
        1:   50-block 69
call    2 returned 1
    %%%%%:   50-block 70
call    3 never executed
       1*:   51:	TEST ('A' == *((char*)(linked_list -> head_node -> name -> text + 0)), "Compared inserted node's name (A) with linked-list's head node name");
        1:   51-block 71
branch  0 taken 1 (fallthrough)
branch  1 taken 0
        1:   51-block 72
call    2 returned 1
    %%%%%:   51-block 73
call    3 never executed
       1*:   52:	TEST (10 == *((int*)(linked_list -> head_node -> data -> address + 0)), "Compared inserted node's data (10) with linked-list's head node data");
        1:   52-block 74
branch  0 taken 1 (fallthrough)
branch  1 taken 0
        1:   52-block 75
call    2 returned 1
    %%%%%:   52-block 76
call    3 never executed
       1*:   53:	TEST ('D' == *((char*)(linked_list -> tail_node -> name -> text + 0)), "Compared inserted node's name (D) with linked-list's tail node name");
        1:   53-block 77
branch  0 taken 1 (fallthrough)
branch  1 taken 0
        1:   53-block 78
call    2 returned 1
    %%%%%:   53-block 79
call    3 never executed
       1*:   54:	TEST (40 == *((int*)(linked_list -> tail_node -> data -> address + 0)), "Compared inserted node's data (40) with linked-list's tail node data");
        1:   54-block 80
branch  0 taken 1 (fallthrough)
branch  1 taken 0
        1:   54-block 81
call    2 returned 1
    %%%%%:   54-block 82
call    3 never executed
        1:   55:	delete_node (&del_node);
        1:   55-block 83
call    0 returned 1
        -:   56:// A - B - D
        1:   57:	del_node = detach_tail_from_linked_list (linked_list);
call    0 returned 1
       1*:   58:	TEST ('D' == *((char*)(del_node -> name -> text + 0)), "Compared deleted node's name (D) with expected node name");
branch  0 taken 1 (fallthrough)
branch  1 taken 0
        1:   58-block 86
call    2 returned 1
    %%%%%:   58-block 87
call    3 never executed
       1*:   59:	TEST (40 == *((int*)(del_node -> data -> address + 0)), "Compared deleted node's data (40) with expected node data");
        1:   59-block 88
branch  0 taken 1 (fallthrough)
branch  1 taken 0
        1:   59-block 89
call    2 returned 1
    %%%%%:   59-block 90
call    3 never executed
       1*:   60:	TEST ('A' == *((char*)(linked_list -> head_node -> name -> text + 0)), "Compared inserted node's name (A) with linked-list's head node name");
        1:   60-block 91
branch  0 taken 1 (fallthrough)
branch  1 taken 0
        1:   60-block 92
call    2 returned 1
    %%%%%:   60-block 93
call    3 never executed
       1*:   61:	TEST (10 == *((int*)(linked_list -> head_node -> data -> address + 0)), "Compared inserted node's data (10) with linked-list's head node data");
        1:   61-block 94
branch  0 taken 1 (fallthrough)
branch  1 taken 0
        1:   61-block 95
call    2 returned 1
    %%%%%:   61-block 96
call    3 never executed
       1*:   62:	TEST ('B' == *((char*)(linked_list -> tail_node -> name -> text + 0)), "Compared inserted node's name (B) with linked-list's tail node name");
        1:   62-block 97
branch  0 taken 1 (fallthrough)
branch  1 taken 0
        1:   62-block 98
call    2 returned 1
    %%%%%:   62-block 99
call    3 never executed
       1*:   63:	TEST (20 == *((int*)(linked_list -> tail_node -> data -> address + 0)), "Compared inserted node's data (20) with linked-list's tail node data");
        1:   63-block 100
branch  0 taken 1 (fallthrough)
branch  1 taken 0
        1:   63-block 101
call    2 returned 1
    %%%%%:   63-block 102
call    3 never executed
        1:   64:	delete_node (&del_node);
        1:   64-block 103
call    0 returned 1
        -:   65:// A - B
        -:   66:
        1:   67:	delete_node (&node);
call    0 returned 1
        -:   68:
        1:   69:	delete_linked_list (&linked_list);
call    0 returned 1
       1*:   70:	TEST (NULL == linked_list, "Deleted linked-list successfully");
branch  0 taken 1 (fallthrough)
branch  1 taken 0
        1:   70-block 107
call    2 returned 1
    %%%%%:   70-block 108
call    3 never executed
        -:   71:
        1:   72:	printf (BOLD_YELLOW "...Unit test ends!" BOLD_MAGENTA " [Linked-List]\n" RESET_STYLE);
        1:   72-block 109
call    0 returned 1
        1:   73:}
